

Microchip MPLAB XC8 Assembler V2.10 build 88905656 
                                                                                               Wed Sep 11 16:21:17 2019

Microchip MPLAB XC8 C Compiler v2.10 (Free license) build 20190730164152 Og1 
     1                           	processor	18F8722
     2                           	fnconf	rparam,??,?,0
     3                           	opt	pw 120
     4                           	opt	flic
     5                           	psect	cinit,global,reloc=2,class=CODE,delta=1
     6                           	psect	bssCOMRAM,global,class=COMRAM,space=1,delta=1,noexec
     7                           	psect	cstackCOMRAM,global,class=COMRAM,space=1,delta=1,noexec
     8                           	psect	text0,global,reloc=2,class=CODE,delta=1
     9                           	psect	intcode,global,reloc=2,class=CODE,delta=1
    10                           	psect	intcode_body,global,reloc=2,class=CODE,delta=1
    11                           	psect	intsave_regs,global,class=BIGRAM,space=1,delta=1,noexec
    12                           	psect	rparam,global,class=COMRAM,space=1,delta=1,noexec
    13                           	psect	temp,global,ovrld,common,class=COMRAM,space=1,delta=1
    14  0000                     
    15                           ; Version 2.10
    16                           ; Generated 31/07/2019 GMT
    17                           ; 
    18                           ; Copyright © 2019, Microchip Technology Inc. and its subsidiaries ("Microchip")
    19                           ; All rights reserved.
    20                           ; 
    21                           ; This software is developed by Microchip Technology Inc. and its subsidiaries ("Microch
      +                          ip").
    22                           ; 
    23                           ; Redistribution and use in source and binary forms, with or without modification, are
    24                           ; permitted provided that the following conditions are met:
    25                           ; 
    26                           ;     1. Redistributions of source code must retain the above copyright notice, this lis
      +                          t of
    27                           ;        conditions and the following disclaimer.
    28                           ; 
    29                           ;     2. Redistributions in binary form must reproduce the above copyright notice, this 
      +                          list
    30                           ;        of conditions and the following disclaimer in the documentation and/or other
    31                           ;        materials provided with the distribution.
    32                           ; 
    33                           ;     3. Microchip's name may not be used to endorse or promote products derived from th
      +                          is
    34                           ;        software without specific prior written permission.
    35                           ; 
    36                           ; THIS SOFTWARE IS PROVIDED BY MICROCHIP "AS IS" AND ANY EXPRESS OR IMPLIED WARRANTIES,
    37                           ; INCLUDING, BUT NOT LIMITED TO, THE IMPLIED WARRANTIES OF MERCHANTABILITY AND FITNESS F
      +                          OR
    38                           ; PURPOSE ARE DISCLAIMED.  IN NO EVENT SHALL MICROCHIP BE LIABLE FOR ANY DIRECT, INDIREC
      +                          T,
    39                           ; INCIDENTAL, SPECIAL, EXEMPLARY, OR CONSEQUENTIAL DAMAGES (INCLUDING BUT NOT LIMITED TO
    40                           ; PROCUREMENT OF SUBSTITUTE GOODS OR SERVICES; LOSS OF USE, DATA OR PROFITS; OR BUSINESS
    41                           ; INTERRUPTION) HOWSOEVER CAUSED AND ON ANY THEORY OF LIABILITY, WHETHER IN CONTRACT, ST
      +                          RICT
    42                           ; LIABILITY, OR TORT (INCLUDING NEGLIGENCE OR OTHERWISE) ARISING IN ANY WAY OUT OF THE U
      +                          SE OF
    43                           ; THIS SOFTWARE, EVEN IF ADVISED OF THE POSSIBILITY OF SUCH DAMAGE.
    44                           ; 
    45                           ; 
    46                           ; Code-generator required, PIC18F8722 Definitions
    47                           ; 
    48                           ; SFR Addresses
    49  0000                     _T0CON	set	4053
    50  0000                     _LATD	set	3980
    51  0000                     _TRISD	set	3989
    52  0000                     _TMR0L	set	4054
    53  0000                     _INTCONbits	set	4082
    54                           
    55                           ; #config settings
    56  0000                     
    57                           	psect	cinit
    58  00005C                     __pcinit:
    59                           	opt callstack 0
    60  00005C                     start_initialization:
    61                           	opt callstack 0
    62  00005C                     __initialization:
    63                           	opt callstack 0
    64                           
    65                           ; Clear objects allocated to COMRAM (1 bytes)
    66  00005C  6A01               	clrf	__pbssCOMRAM& (0+255),c
    67  00005E                     end_of_initialization:
    68                           	opt callstack 0
    69  00005E                     __end_of__initialization:
    70                           	opt callstack 0
    71  00005E  9002               	bcf	int$flags,0,c	;clear compiler interrupt flag (level 1)
    72  000060  9202               	bcf	int$flags,1,c	;clear compiler interrupt flag (level 2)
    73  000062  0100               	movlb	0
    74  000064  EF1E  F000         	goto	_main	;jump to C main() function
    75                           
    76                           	psect	bssCOMRAM
    77  000001                     __pbssCOMRAM:
    78                           	opt callstack 0
    79  000001                     _portValue:
    80                           	opt callstack 0
    81  000001                     	ds	1
    82                           
    83                           	psect	cstackCOMRAM
    84  000000                     __pcstackCOMRAM:
    85                           	opt callstack 0
    86  000000                     
    87                           ; 1 bytes @ 0x0
    88 ;;
    89 ;;Main: autosize = 0, tempsize = 0, incstack = 0, save=0
    90 ;;
    91 ;; *************** function _main *****************
    92 ;; Defined at:
    93 ;;		line 32 in file "main.c"
    94 ;; Parameters:    Size  Location     Type
    95 ;;		None
    96 ;; Auto vars:     Size  Location     Type
    97 ;;		None
    98 ;; Return value:  Size  Location     Type
    99 ;;                  1    wreg      void 
   100 ;; Registers used:
   101 ;;		wreg, status,2
   102 ;; Tracked objects:
   103 ;;		On entry : 0/0
   104 ;;		On exit  : 0/0
   105 ;;		Unchanged: 0/0
   106 ;; Data sizes:     COMRAM   BANK0   BANK1   BANK2   BANK3   BANK4   BANK5   BANK6   BANK7   BANK8   BANK9  BANK10  BANK1
      +1  BANK12  BANK13  BANK14  BANK15
   107 ;;      Params:         0       0       0       0       0       0       0       0       0       0       0       0       
      +0       0       0       0       0
   108 ;;      Locals:         0       0       0       0       0       0       0       0       0       0       0       0       
      +0       0       0       0       0
   109 ;;      Temps:          0       0       0       0       0       0       0       0       0       0       0       0       
      +0       0       0       0       0
   110 ;;      Totals:         0       0       0       0       0       0       0       0       0       0       0       0       
      +0       0       0       0       0
   111 ;;Total ram usage:        0 bytes
   112 ;; Hardware stack levels required when called:    1
   113 ;; This function calls:
   114 ;;		Nothing
   115 ;; This function is called by:
   116 ;;		Startup code after reset
   117 ;; This function uses a non-reentrant model
   118 ;;
   119                           
   120                           	psect	text0
   121  00003C                     __ptext0:
   122                           	opt callstack 0
   123  00003C                     _main:
   124                           	opt callstack 30
   125  00003C  0E00               	movlw	0
   126  00003E  6E95               	movwf	149,c	;volatile
   127  000040  0E00               	movlw	0
   128  000042  6E8C               	movwf	140,c	;volatile
   129  000044  0EC3               	movlw	195
   130  000046  6ED5               	movwf	213,c	;volatile
   131  000048  0E5C               	movlw	92
   132  00004A  6ED6               	movwf	214,c	;volatile
   133  00004C  8AF2               	bsf	242,5,c	;volatile
   134  00004E  8EF2               	bsf	242,7,c	;volatile
   135  000050                     l718:
   136  000050  C001  FF8C         	movff	_portValue,3980	;volatile
   137  000054  EF28  F000         	goto	l718
   138  000058  EF07  F000         	goto	start
   139  00005C                     __end_of_main:
   140                           	opt callstack 0
   141                           
   142 ;; *************** function _myISR *****************
   143 ;; Defined at:
   144 ;;		line 23 in file "main.c"
   145 ;; Parameters:    Size  Location     Type
   146 ;;		None
   147 ;; Auto vars:     Size  Location     Type
   148 ;;		None
   149 ;; Return value:  Size  Location     Type
   150 ;;                  1    wreg      void 
   151 ;; Registers used:
   152 ;;		wreg, status,2, status,0
   153 ;; Tracked objects:
   154 ;;		On entry : 0/0
   155 ;;		On exit  : 0/0
   156 ;;		Unchanged: 0/0
   157 ;; Data sizes:     COMRAM   BANK0   BANK1   BANK2   BANK3   BANK4   BANK5   BANK6   BANK7   BANK8   BANK9  BANK10  BANK1
      +1  BANK12  BANK13  BANK14  BANK15
   158 ;;      Params:         0       0       0       0       0       0       0       0       0       0       0       0       
      +0       0       0       0       0
   159 ;;      Locals:         0       0       0       0       0       0       0       0       0       0       0       0       
      +0       0       0       0       0
   160 ;;      Temps:          0       0       0       0       0       0       0       0       0       0       0       0       
      +0       0       0       0       0
   161 ;;      Totals:         0       0       0       0       0       0       0       0       0       0       0       0       
      +0       0       0       0       0
   162 ;;Total ram usage:        0 bytes
   163 ;; Hardware stack levels used:    1
   164 ;; This function calls:
   165 ;;		Nothing
   166 ;; This function is called by:
   167 ;;		Interrupt level 2
   168 ;; This function uses a non-reentrant model
   169 ;;
   170                           
   171                           	psect	intcode
   172  000008                     __pintcode:
   173                           	opt callstack 0
   174  000008                     _myISR:
   175                           	opt callstack 30
   176                           
   177                           ;incstack = 0
   178  000008  8202               	bsf	int$flags,1,c	;set compiler interrupt flag (level 2)
   179  00000A  ED09  F000         	call	int_func,f	;refresh shadow registers
   180                           
   181                           	psect	intcode_body
   182  000012                     __pintcode_body:
   183                           	opt callstack 30
   184  000012                     int_func:
   185                           	opt callstack 30
   186  000012  0006               	pop		; remove dummy address from shadow register refresh
   187  000014  AAF2               	btfss	242,5,c	;volatile
   188  000016  EF0F  F000         	goto	i2u1_41
   189  00001A  EF11  F000         	goto	i2u1_40
   190  00001E                     i2u1_41:
   191  00001E  EF1C  F000         	goto	i2l18
   192  000022                     i2u1_40:
   193  000022  A4F2               	btfss	242,2,c	;volatile
   194  000024  EF16  F000         	goto	i2u2_41
   195  000028  EF18  F000         	goto	i2u2_40
   196  00002C                     i2u2_41:
   197  00002C  EF1C  F000         	goto	i2l18
   198  000030                     i2u2_40:
   199  000030  2A01               	incf	_portValue^0,f,c
   200  000032  94F2               	bcf	242,2,c	;volatile
   201  000034  0E5C               	movlw	92
   202  000036  6ED6               	movwf	214,c	;volatile
   203  000038                     i2l18:
   204  000038  9202               	bcf	int$flags,1,c	;clear compiler interrupt flag (level 2)
   205  00003A  0011               	retfie		f
   206  00003C                     __end_of_myISR:
   207                           	opt callstack 0
   208  0000                     
   209                           	psect	rparam
   210  0000                     
   211                           	psect	temp
   212  000002                     btemp:
   213                           	opt callstack 0
   214  000002                     	ds	1
   215  0000                     int$flags	set	btemp
   216  0000                     wtemp8	set	btemp+1
   217  0000                     ttemp5	set	btemp+1
   218  0000                     ttemp6	set	btemp+4
   219  0000                     ttemp7	set	btemp+8
   220                           tosu	equ	0xFFF
   221                           tosh	equ	0xFFE
   222                           tosl	equ	0xFFD
   223                           stkptr	equ	0xFFC
   224                           pclatu	equ	0xFFB
   225                           pclath	equ	0xFFA
   226                           pcl	equ	0xFF9
   227                           tblptru	equ	0xFF8
   228                           tblptrh	equ	0xFF7
   229                           tblptrl	equ	0xFF6
   230                           tablat	equ	0xFF5
   231                           prodh	equ	0xFF4
   232                           prodl	equ	0xFF3
   233                           indf0	equ	0xFEF
   234                           postinc0	equ	0xFEE
   235                           postdec0	equ	0xFED
   236                           preinc0	equ	0xFEC
   237                           plusw0	equ	0xFEB
   238                           fsr0h	equ	0xFEA
   239                           fsr0l	equ	0xFE9
   240                           wreg	equ	0xFE8
   241                           indf1	equ	0xFE7
   242                           postinc1	equ	0xFE6
   243                           postdec1	equ	0xFE5
   244                           preinc1	equ	0xFE4
   245                           plusw1	equ	0xFE3
   246                           fsr1h	equ	0xFE2
   247                           fsr1l	equ	0xFE1
   248                           bsr	equ	0xFE0
   249                           indf2	equ	0xFDF
   250                           postinc2	equ	0xFDE
   251                           postdec2	equ	0xFDD
   252                           preinc2	equ	0xFDC
   253                           plusw2	equ	0xFDB
   254                           fsr2h	equ	0xFDA
   255                           fsr2l	equ	0xFD9
   256                           status	equ	0xFD8


Data Sizes:
    Strings     0
    Constant    0
    Data        0
    BSS         1
    Persistent  0
    Stack       0

Auto Spaces:
    Space          Size  Autos    Used
    COMRAM           94      0       1
    BANK0           160      0       0
    BANK1           256      0       0
    BANK2           256      0       0
    BANK3           256      0       0
    BANK4           256      0       0
    BANK5           256      0       0
    BANK6           256      0       0
    BANK7           256      0       0
    BANK8           256      0       0
    BANK9           256      0       0
    BANK10          256      0       0
    BANK11          256      0       0
    BANK12          256      0       0
    BANK13          256      0       0
    BANK14          256      0       0
    BANK15           96      0       0

Pointer List with Targets:

    None.

Critical Paths under _main in COMRAM

    None.

Critical Paths under _myISR in COMRAM

    None.

Critical Paths under _main in BANK0

    None.

Critical Paths under _myISR in BANK0

    None.

Critical Paths under _main in BANK1

    None.

Critical Paths under _myISR in BANK1

    None.

Critical Paths under _main in BANK2

    None.

Critical Paths under _myISR in BANK2

    None.

Critical Paths under _main in BANK3

    None.

Critical Paths under _myISR in BANK3

    None.

Critical Paths under _main in BANK4

    None.

Critical Paths under _myISR in BANK4

    None.

Critical Paths under _main in BANK5

    None.

Critical Paths under _myISR in BANK5

    None.

Critical Paths under _main in BANK6

    None.

Critical Paths under _myISR in BANK6

    None.

Critical Paths under _main in BANK7

    None.

Critical Paths under _myISR in BANK7

    None.

Critical Paths under _main in BANK8

    None.

Critical Paths under _myISR in BANK8

    None.

Critical Paths under _main in BANK9

    None.

Critical Paths under _myISR in BANK9

    None.

Critical Paths under _main in BANK10

    None.

Critical Paths under _myISR in BANK10

    None.

Critical Paths under _main in BANK11

    None.

Critical Paths under _myISR in BANK11

    None.

Critical Paths under _main in BANK12

    None.

Critical Paths under _myISR in BANK12

    None.

Critical Paths under _main in BANK13

    None.

Critical Paths under _myISR in BANK13

    None.

Critical Paths under _main in BANK14

    None.

Critical Paths under _myISR in BANK14

    None.

Critical Paths under _main in BANK15

    None.

Critical Paths under _myISR in BANK15

    None.

Call Graph Tables:

 ---------------------------------------------------------------------------------
 (Depth) Function   	        Calls       Base Space   Used Autos Params    Refs
 ---------------------------------------------------------------------------------
 (0) _main                                                 0     0      0       0
 ---------------------------------------------------------------------------------
 Estimated maximum stack depth 0
 ---------------------------------------------------------------------------------
 (Depth) Function   	        Calls       Base Space   Used Autos Params    Refs
 ---------------------------------------------------------------------------------
 (1) _myISR                                                0     0      0       0
 ---------------------------------------------------------------------------------
 Estimated maximum stack depth 1
 ---------------------------------------------------------------------------------

 Call Graph Graphs:

 _main (ROOT)

 _myISR (ROOT)

 Address spaces:
Name               Size   Autos  Total    Cost      Usage
BIGRAM             F5F      0       0      37        0.0%
EEDATA             400      0       0       0        0.0%
BITBANK14          100      0       0      33        0.0%
BANK14             100      0       0      34        0.0%
BITBANK13          100      0       0      30        0.0%
BANK13             100      0       0      31        0.0%
BITBANK12          100      0       0      28        0.0%
BANK12             100      0       0      29        0.0%
BITBANK11          100      0       0      26        0.0%
BANK11             100      0       0      27        0.0%
BITBANK10          100      0       0      24        0.0%
BANK10             100      0       0      25        0.0%
BITBANK9           100      0       0      22        0.0%
BANK9              100      0       0      23        0.0%
BITBANK8           100      0       0      20        0.0%
BANK8              100      0       0      21        0.0%
BITBANK7           100      0       0      18        0.0%
BANK7              100      0       0      19        0.0%
BITBANK6           100      0       0      16        0.0%
BANK6              100      0       0      17        0.0%
BITBANK5           100      0       0      14        0.0%
BANK5              100      0       0      15        0.0%
BITBANK4           100      0       0      12        0.0%
BANK4              100      0       0      13        0.0%
BITBANK3           100      0       0      10        0.0%
BANK3              100      0       0      11        0.0%
BITBANK2           100      0       0       8        0.0%
BANK2              100      0       0       9        0.0%
BITBANK1           100      0       0       6        0.0%
BANK1              100      0       0       7        0.0%
BITBANK0            A0      0       0       4        0.0%
BANK0               A0      0       0       5        0.0%
BITBANK15           60      0       0      35        0.0%
BANK15              60      0       0      36        0.0%
BITCOMRAM           5E      0       0       0        0.0%
COMRAM              5E      0       1       1        1.1%
BITSFR               0      0       0     200        0.0%
SFR                  0      0       0     200        0.0%
STACK                0      0       0       2        0.0%
NULL                 0      0       0       0        0.0%
ABS                  0      0       1      32        0.0%
DATA                 0      0       1       3        0.0%
CODE                 0      0       0       0        0.0%


Microchip Technology PIC18 Macro Assembler V2.10 build 88905656 
Symbol Table                                                                                   Wed Sep 11 16:21:17 2019

                    l712 003C                      l714 004C                      l716 004E  
                    l718 0050             __CFG_LVP$OFF 000000             __CFG_WDT$OFF 000000  
                   _LATD 000F8C                     i2l18 0038                     _main 003C  
                   btemp 0002                     start 000E            __CFG_IESO$OFF 000000  
          __CFG_MCLRE$ON 000000             ___param_bank 000000                    ?_main 0000  
                  _T0CON 000FD5                    i2l710 0034                    i2l702 0014  
                  i2l704 0022                    i2l706 0030                    i2l708 0032  
                  _TMR0L 000FD6                    _TRISD 000F95            __CFG_PWRT$OFF 000000  
         __CFG_FCMEN$OFF 000000                    _myISR 0008           __CFG_BOREN$OFF 000000  
                  ttemp5 0003                    ttemp6 0006                    ttemp7 000A  
                  wtemp8 0003          __initialization 005C             __end_of_main 005C  
                 ??_main 0000            __activetblptr 000000                   ?_myISR 0000  
                 i2u1_40 0022                   i2u1_41 001E                   i2u2_40 0030  
                 i2u2_41 002C           __CFG_XINST$OFF 000000               __accesstop 0060  
__end_of__initialization 005E            ___rparam_used 000001           __pcstackCOMRAM 0000  
          __end_of_myISR 003C          __CFG_OSC$INTIO7 000000                  ??_myISR 0000  
                __Hparam 0000                  __Lparam 0000                  __pcinit 005C  
                __ramtop 1000                  __ptext0 003C           __pintcode_body 0012  
   end_of_initialization 005E                  int_func 0012      start_initialization 005C  
            __pbssCOMRAM 0001                __pintcode 0008           __size_of_myISR 0034  
              _portValue 0001                 __Hrparam 0000                 __Lrparam 0000  
          __size_of_main 0020                 int$flags 0002               _INTCONbits 000FF2  
               intlevel2 0000  
